<?xml version="1.0" encoding="utf-8"?><testsuites name="pytest tests"><testsuite name="pytest" errors="0" failures="0" skipped="0" tests="44" time="0.562" timestamp="2025-06-04T18:27:35.840514+00:00" hostname="runner-ykxhnyexq-project-69487534-concurrent-0"><testcase classname="tests.test_cache.SegmentsParser" name="test_add_match_and_get_end_pos" time="0.004" /><testcase classname="tests.test_cache.SegmentsParser" name="test_add_segment" time="0.001" /><testcase classname="tests.test_cache.SegmentsParser" name="test_check_for_fast_forward" time="0.002" /><testcase classname="tests.test_cache.SegmentsParser" name="test_split_into_segments" time="0.002" /><testcase classname="tests.test_cache.SegmentsParser" name="test_store_and_reset_segment" time="0.002" /><testcase classname="tests.test_cache.ParsingCache" name="test_attributes" time="0.001" /><testcase classname="tests.test_cache.ParsingCache" name="test_canonical" time="0.002" /><testcase classname="tests.test_cache.ParsingCache" name="test_get_cached_bypass" time="0.001" /><testcase classname="tests.test_cache.ParsingCache" name="test_get_cached_hits" time="0.002" /><testcase classname="tests.test_cache.ParsingCache" name="test_get_cached_miss" time="0.002" /><testcase classname="tests.test_cache.ParsingCache" name="test_getitem_bypass" time="0.001" /><testcase classname="tests.test_cache.ParsingCache" name="test_getitem_cached" time="0.002" /><testcase classname="tests.test_commons.PartialTraverse" name="test_invalid_key" time="0.001" /><testcase classname="tests.test_commons.PartialTraverse" name="test_invalid_key_fail_false" time="0.001" /><testcase classname="tests.test_commons.PartialTraverse" name="test_negative_min_remaining_segments" time="0.001" /><testcase classname="tests.test_commons.PartialTraverse" name="test_through_a_leaf" time="0.001" /><testcase classname="tests.test_commons.PartialTraverse" name="test_through_list_with_invalid_index" time="0.001" /><testcase classname="tests.test_commons.PartialTraverse" name="test_valid_call" time="0.001" /><testcase classname="tests.test_commons.FullTRaverse" name="test_full_traverse_empty" time="0.001" /><testcase classname="tests.test_commons.FullTRaverse" name="test_non_empty" time="0.001" /><testcase classname="tests.test_main.Main" name="test_with_missing_version" time="0.003" /><testcase classname="tests.test_main.Main" name="test_with_version" time="0.002" /><testcase classname="tests.test_wrappers.EnsureDictOrList" name="test_with_dict" time="0.001" /><testcase classname="tests.test_wrappers.EnsureDictOrList" name="test_with_list" time="0.001" /><testcase classname="tests.test_wrappers.EnsureDictOrList" name="test_with_scalar" time="0.001" /><testcase classname="tests.test_wrappers.Structure" name="test_attributes" time="0.001" /><testcase classname="tests.test_wrappers.Structure" name="test_from_json_string" time="0.001" /><testcase classname="tests.test_wrappers.Structure" name="test_get_immutable" time="0.001" /><testcase classname="tests.test_wrappers.Structure" name="test_getitem" time="0.001" /><testcase classname="tests.test_wrappers.Structure" name="test_getitem_different_separator" time="0.001" /><testcase classname="tests.test_wrappers.Structure" name="test_repr" time="0.001" /><testcase classname="tests.test_wrappers.MutableStructure" name="test_attributes" time="0.002" /><testcase classname="tests.test_wrappers.MutableStructure" name="test_delete_empty" time="0.002" /><testcase classname="tests.test_wrappers.MutableStructure" name="test_delete_method" time="0.001" /><testcase classname="tests.test_wrappers.MutableStructure" name="test_delitem" time="0.001" /><testcase classname="tests.test_wrappers.MutableStructure" name="test_freeze" time="0.001" /><testcase classname="tests.test_wrappers.MutableStructure" name="test_get" time="0.001" /><testcase classname="tests.test_wrappers.MutableStructure" name="test_getitem" time="0.001" /><testcase classname="tests.test_wrappers.MutableStructure" name="test_repr" time="0.001" /><testcase classname="tests.test_wrappers.MutableStructure" name="test_setitem" time="0.001" /><testcase classname="tests.test_wrappers.MutableStructure" name="test_update_method_fail_on_empty_path" time="0.001" /><testcase classname="tests.test_wrappers.MutableStructure" name="test_update_method_fail_on_missing_keys" time="0.002" /><testcase classname="tests.test_wrappers.MutableStructure" name="test_update_method_simple" time="0.001" /><testcase classname="tests.test_wrappers.MutableStructure" name="test_update_method_with_new_substructure" time="0.001" /></testsuite></testsuites>